<?xml version="1.0" encoding="UTF-8"?>
<!-- Generated by org.testng.reporters.JUnitReportReporter -->
<testsuite hostname="DESKTOP-4FFBNMC" failures="0" tests="6" name="testClasses.HomePageTestClass" time="53.470" errors="0" timestamp="2024-12-26T11:54:48 IST" skipped="0">
  <testcase classname="testClasses.HomePageTestClass" name="verifyAllTilesDisplayedOnHomePage" time="9.452"/>
  <testcase classname="testClasses.HomePageTestClass" name="verifyAllTilesDisplayedOnHomePage" time="7.114"/>
  <testcase classname="testClasses.HomePageTestClass" name="verifySuccessfulSignOut" time="9.435"/>
  <testcase classname="testClasses.HomePageTestClass" name="verifySuccessfulSignOut" time="10.534"/>
  <testcase classname="testClasses.HomePageTestClass" name="verifyTheTooltip_Calculator_isShowingWhileHoveringTheMouseOnCalculator" time="7.391"/>
  <testcase classname="testClasses.HomePageTestClass" name="verifyTheTooltip_Calculator_isShowingWhileHoveringTheMouseOnCalculator" time="9.544"/>
</testsuite> <!-- testClasses.HomePageTestClass -->
