<?xml version="1.0" encoding="UTF-8"?>
<!-- Generated by org.testng.reporters.JUnitReportReporter -->
<testsuite hostname="DESKTOP-4FFBNMC" failures="0" tests="4" name="testClasses.ManageProductTestClass" time="65.796" errors="0" timestamp="2024-12-26T12:01:05 IST" skipped="1">
  <testcase classname="testClasses.ManageProductTestClass" name="verifyProductsPageIsOpenWhileClickingOnListProducts" time="12.470"/>
  <testcase classname="testClasses.ManageProductTestClass" name="verifyProductsPageIsOpenWhileClickingOnListProducts" time="8.614">
    <skipped/>
  </testcase> <!-- verifyProductsPageIsOpenWhileClickingOnListProducts -->
  <testcase classname="testClasses.ManageProductTestClass" name="verifyToCreateA_newProduct" time="26.500"/>
  <testcase classname="testClasses.ManageProductTestClass" name="verifyToDeleteAddedProduct" time="18.212"/>
</testsuite> <!-- testClasses.ManageProductTestClass -->
